<?xml version="1.0" encoding="UTF-8"?>
<!-- Generated by org.testng.reporters.JUnitXMLReporter -->
<testsuite ignored="0" hostname="DESKTOP-8OR4LFE" failures="0" tests="1" name="Test" time="0.121" errors="0" timestamp="2024-01-22T08:42:08 IST">
  <testcase classname="com.qsp.trello.genericUtility.BaseClass" name="@BeforeMethod preCondition" time="0.017">
    <failure type="java.lang.NullPointerException" message="Cannot invoke &amp;quot;String.equals(Object)&amp;quot; because &amp;quot;browserName&amp;quot; is null">
      <![CDATA[java.lang.NullPointerException: Cannot invoke "String.equals(Object)" because "browserName" is null
at com.qsp.trello.genericUtility.BaseClass.preCondition(BaseClass.java:21)
at java.base/java.util.ArrayList.forEach(ArrayList.java:1511)
... Removed 29 stack frames]]>
    </failure>
  </testcase> <!-- @BeforeMethod preCondition -->
  <testcase classname="com.qsp.trello.genericUtility.BaseClass" name="@AfterMethod postCOndition" time="-1.705893128429E9">
    <skipped/>
  </testcase> <!-- @AfterMethod postCOndition -->
  <testcase classname="com.qsp.trello.oneendtoendscenario.TrelloCreatoAndDeleteBoard" name="checkWeatherEnduserCanCreateAndDeleteTheBoard" time="0.0">
    <skipped/>
  </testcase> <!-- checkWeatherEnduserCanCreateAndDeleteTheBoard -->
</testsuite> <!-- Test -->
