<?xml version="1.0" encoding="UTF-8"?>
<testng-results ignored="0" total="1" passed="1" failed="0" skipped="0">
  <reporter-output>
  </reporter-output>
  <suite started-at="2024-01-23T23:24:08 IST" name="Default suite" finished-at="2024-01-23T23:24:39 IST" duration-ms="31576">
    <groups>
    </groups>
    <test started-at="2024-01-23T23:24:08 IST" name="Default test" finished-at="2024-01-23T23:24:39 IST" duration-ms="31576">
      <class name="com.qsp.trello.oneendtoendscenario.TrelloCreatoAndDeleteBoard">
        <test-method is-config="true" signature="preCondition()[pri:0, instance:com.qsp.trello.oneendtoendscenario.TrelloCreatoAndDeleteBoard@291ae]" started-at="2024-01-23T23:24:08 IST" name="preCondition" finished-at="2024-01-23T23:24:20 IST" duration-ms="12299" status="PASS">
          <reporter-output>
          </reporter-output>
        </test-method> <!-- preCondition -->
        <test-method signature="checkWeatherEnduserCanCreateAndDeleteTheBoard()[pri:0, instance:com.qsp.trello.oneendtoendscenario.TrelloCreatoAndDeleteBoard@291ae]" started-at="2024-01-23T23:24:20 IST" name="checkWeatherEnduserCanCreateAndDeleteTheBoard" finished-at="2024-01-23T23:24:39 IST" duration-ms="18671" status="PASS">
          <reporter-output>
          </reporter-output>
        </test-method> <!-- checkWeatherEnduserCanCreateAndDeleteTheBoard -->
        <test-method is-config="true" signature="postCOndition()[pri:0, instance:com.qsp.trello.oneendtoendscenario.TrelloCreatoAndDeleteBoard@291ae]" started-at="2024-01-23T23:24:39 IST" name="postCOndition" finished-at="2024-01-23T23:24:39 IST" duration-ms="565" status="PASS">
          <reporter-output>
          </reporter-output>
        </test-method> <!-- postCOndition -->
      </class> <!-- com.qsp.trello.oneendtoendscenario.TrelloCreatoAndDeleteBoard -->
    </test> <!-- Default test -->
  </suite> <!-- Default suite -->
</testng-results>
